<?xml version="1.0" encoding="UTF-8"?>
<testng-results skipped="0" failed="1" total="2" passed="1">
  <reporter-output>
  </reporter-output>
  <suite name="Default suite" duration-ms="3146" started-at="2018-05-05T16:42:26Z" finished-at="2018-05-05T16:42:29Z">
    <groups>
    </groups>
    <test name="Default test" duration-ms="3146" started-at="2018-05-05T16:42:26Z" finished-at="2018-05-05T16:42:29Z">
      <class name="br.com.rreefstore.test.model.entity.PedidoTestNG">
        <test-method status="PASS" signature="beforeTest()[pri:0, instance:br.com.rreefstore.test.model.entity.PedidoTestNG@3e6fa38a]" name="beforeTest" is-config="true" duration-ms="3046" started-at="2018-05-05T13:42:26Z" finished-at="2018-05-05T13:42:29Z">
          <reporter-output>
          </reporter-output>
        </test-method> <!-- beforeTest -->
        <test-method status="FAIL" signature="criacao()[pri:10, instance:br.com.rreefstore.test.model.entity.PedidoTestNG@3e6fa38a]" name="criacao" duration-ms="67" started-at="2018-05-05T13:42:29Z" finished-at="2018-05-05T13:42:29Z">
          <exception class="java.lang.AssertionError">
            <message>
              <![CDATA[expected [] but found [org.hibernate.exception.SQLGrammarException: could not execute statement]]]>
            </message>
            <full-stacktrace>
              <![CDATA[java.lang.AssertionError: expected [] but found [org.hibernate.exception.SQLGrammarException: could not execute statement]
	at org.testng.Assert.fail(Assert.java:94)
	at org.testng.Assert.failNotEquals(Assert.java:513)
	at org.testng.Assert.assertEqualsImpl(Assert.java:135)
	at org.testng.Assert.assertEquals(Assert.java:116)
	at org.testng.Assert.assertEquals(Assert.java:190)
	at org.testng.Assert.assertEquals(Assert.java:200)
	at br.com.rreefstore.test.model.entity.PedidoTestNG.criacao(PedidoTestNG.java:68)
	at sun.reflect.NativeMethodAccessorImpl.invoke0(Native Method)
	at sun.reflect.NativeMethodAccessorImpl.invoke(Unknown Source)
	at sun.reflect.DelegatingMethodAccessorImpl.invoke(Unknown Source)
	at java.lang.reflect.Method.invoke(Unknown Source)
	at org.testng.internal.MethodInvocationHelper.invokeMethod(MethodInvocationHelper.java:86)
	at org.testng.internal.Invoker.invokeMethod(Invoker.java:643)
	at org.testng.internal.Invoker.invokeTestMethod(Invoker.java:820)
	at org.testng.internal.Invoker.invokeTestMethods(Invoker.java:1128)
	at org.testng.internal.TestMethodWorker.invokeTestMethods(TestMethodWorker.java:129)
	at org.testng.internal.TestMethodWorker.run(TestMethodWorker.java:112)
	at org.testng.TestRunner.privateRun(TestRunner.java:782)
	at org.testng.TestRunner.run(TestRunner.java:632)
	at org.testng.SuiteRunner.runTest(SuiteRunner.java:366)
	at org.testng.SuiteRunner.runSequentially(SuiteRunner.java:361)
	at org.testng.SuiteRunner.privateRun(SuiteRunner.java:319)
	at org.testng.SuiteRunner.run(SuiteRunner.java:268)
	at org.testng.SuiteRunnerWorker.runSuite(SuiteRunnerWorker.java:52)
	at org.testng.SuiteRunnerWorker.run(SuiteRunnerWorker.java:86)
	at org.testng.TestNG.runSuitesSequentially(TestNG.java:1244)
	at org.testng.TestNG.runSuitesLocally(TestNG.java:1169)
	at org.testng.TestNG.run(TestNG.java:1064)
	at org.testng.remote.AbstractRemoteTestNG.run(AbstractRemoteTestNG.java:114)
	at org.testng.remote.RemoteTestNG.initAndRun(RemoteTestNG.java:251)
	at org.testng.remote.RemoteTestNG.main(RemoteTestNG.java:77)
]]>
            </full-stacktrace>
          </exception> <!-- java.lang.AssertionError -->
          <reporter-output>
          </reporter-output>
        </test-method> <!-- criacao -->
        <test-method status="PASS" signature="testeGeracaoCodigo()[pri:15, instance:br.com.rreefstore.test.model.entity.PedidoTestNG@3e6fa38a]" name="testeGeracaoCodigo" duration-ms="4" started-at="2018-05-05T13:42:29Z" finished-at="2018-05-05T13:42:29Z">
          <reporter-output>
          </reporter-output>
        </test-method> <!-- testeGeracaoCodigo -->
        <test-method status="PASS" signature="afterTest()[pri:0, instance:br.com.rreefstore.test.model.entity.PedidoTestNG@3e6fa38a]" name="afterTest" is-config="true" duration-ms="3" started-at="2018-05-05T13:42:29Z" finished-at="2018-05-05T13:42:29Z">
          <reporter-output>
          </reporter-output>
        </test-method> <!-- afterTest -->
      </class> <!-- br.com.rreefstore.test.model.entity.PedidoTestNG -->
    </test> <!-- Default test -->
  </suite> <!-- Default suite -->
</testng-results>
